<?xml version="1.0" encoding="UTF-8"?>
<!-- Generated by org.testng.reporters.JUnitReportReporter -->
<testsuite hostname="Users-MacBook-Pro-20.local" failures="0" tests="2" name="TestN1.Two" time="0.021" errors="0" timestamp="2023-09-16T20:18:15 IST" skipped="0">
  <testcase classname="TestN1.Two" name="Test1" time="0.009"/>
  <testcase classname="TestN1.Two" name="Test2" time="0.012"/>
</testsuite> <!-- TestN1.Two -->
