<?xml version="1.0" encoding="UTF-8"?>
<!-- Generated by org.testng.reporters.JUnitReportReporter -->
<testsuite hostname="DESKTOP-GMVQOLN" failures="0" tests="1" name="Assignment1.assignment94" time="20.193" errors="0" timestamp="2023-10-03T16:34:00 IST" skipped="0">
  <testcase classname="Assignment1.assignment94" name="test" time="20.193"/>
  <system-out/>
</testsuite> <!-- Assignment1.assignment94 -->
