<?xml version="1.0" encoding="UTF-8"?>
<!-- Generated by org.testng.reporters.JUnitReportReporter -->
<testsuite hostname="Users-MacBook-Pro-118.local" failures="0" tests="3" name="Assignment1.Assignment92" time="0.012" errors="0" timestamp="2023-09-28T13:56:24 IST" skipped="1">
  <testcase classname="Assignment1.Assignment92" name="test2" time="0.004"/>
  <testcase classname="Assignment1.Assignment92" name="test1" time="0.008"/>
  <testcase classname="Assignment1.Assignment92" name="Atest">
    <skipped/>
  </testcase> <!-- Atest -->
</testsuite> <!-- Assignment1.Assignment92 -->
