<?xml version="1.0" encoding="UTF-8"?>
<!-- Generated by org.testng.reporters.JUnitReportReporter -->
<testsuite hostname="Users-MacBook-Pro-20.local" failures="0" tests="2" name="Package1.Five" time="0.014" errors="0" timestamp="2023-09-23T22:53:05 IST" skipped="0">
  <testcase classname="Package1.Five" name="Test5" time="0.004"/>
  <testcase classname="Package1.Five" name="Aest19" time="0.010"/>
</testsuite> <!-- Package1.Five -->
