<?xml version="1.0" encoding="UTF-8"?>
<!-- Generated by org.testng.reporters.JUnitReportReporter -->
<testsuite hostname="Users-MacBook-Pro-20.local" failures="0" tests="1" name="TestN1.One1" time="0.008" errors="0" timestamp="2023-09-16T20:13:24 IST" skipped="0">
  <testcase classname="TestN1.One1" name="test1" time="0.008"/>
</testsuite> <!-- TestN1.One1 -->
