<?xml version="1.0" encoding="UTF-8"?>
<!-- Generated by org.testng.reporters.JUnitReportReporter -->
<testsuite hostname="Users-MacBook-Pro-118.local" failures="0" tests="1" name="TestNgListner.Sampl2" time="27.424" errors="0" timestamp="2023-09-28T23:43:56 IST" skipped="0">
  <testcase classname="TestNgListner.Sampl2" name="test1" time="27.424"/>
</testsuite> <!-- TestNgListner.Sampl2 -->
