<?xml version="1.0" encoding="UTF-8"?>
<!-- Generated by org.testng.reporters.JUnitReportReporter -->
<testsuite hostname="Users-MacBook-Pro-118.local" failures="0" tests="2" name="Assignment1.Assignment96" time="38.792" errors="0" timestamp="2023-09-28T14:46:05 IST" skipped="0">
  <testcase classname="Assignment1.Assignment96" name="test1" time="18.827"/>
  <testcase classname="Assignment1.Assignment96" name="test1" time="19.965"/>
</testsuite> <!-- Assignment1.Assignment96 -->
