<?xml version="1.0" encoding="UTF-8"?>
<!-- Generated by org.testng.reporters.JUnitReportReporter -->
<testsuite hostname="DESKTOP-GMVQOLN" failures="0" tests="1" name="DDTExcelSheet.Childclass" time="9.826" errors="0" timestamp="2023-10-05T11:26:23 IST" skipped="0">
  <testcase classname="DDTExcelSheet.Childclass" name="test1" time="9.826"/>
  <system-out/>
</testsuite> <!-- DDTExcelSheet.Childclass -->
