<?xml version="1.0" encoding="UTF-8"?>
<!-- Generated by org.testng.reporters.JUnitReportReporter -->
<testsuite hostname="Users-MacBook-Pro-118.local" failures="0" tests="1" name="TestNgListner.Screenshot" time="26.761" errors="0" timestamp="2023-09-28T22:57:15 IST" skipped="0">
  <testcase classname="TestNgListner.Screenshot" name="test" time="26.761">
    <system-out>
      <![CDATA[My test case Start]]>
    </system-out>
  </testcase> <!-- test -->
  <system-out>
    <![CDATA[My test case Start]]>
  </system-out>
</testsuite> <!-- TestNgListner.Screenshot -->
