<?xml version="1.0" encoding="UTF-8"?>
<!-- Generated by org.testng.reporters.JUnitReportReporter -->
<testsuite hostname="DESKTOP-GMVQOLN" failures="0" tests="1" name="AutosuggestionText.DropDowncount" time="12.214" errors="0" timestamp="2023-10-04T00:28:41 IST" skipped="0">
  <testcase classname="AutosuggestionText.DropDowncount" name="test" time="12.214"/>
  <system-out/>
</testsuite> <!-- AutosuggestionText.DropDowncount -->
