<?xml version="1.0" encoding="UTF-8"?>
<!-- Generated by org.testng.reporters.JUnitReportReporter -->
<testsuite hostname="DESKTOP-GMVQOLN" failures="0" tests="1" name="DDTExcelSheet.Assignment111" time="0.009" errors="0" timestamp="2023-10-05T11:26:23 IST" skipped="0">
  <testcase classname="DDTExcelSheet.Assignment111" name="test2" time="0.009"/>
  <system-out/>
</testsuite> <!-- DDTExcelSheet.Assignment111 -->
