<?xml version="1.0" encoding="UTF-8"?>
<!-- Generated by org.testng.reporters.JUnitReportReporter -->
<testsuite hostname="Users-MacBook-Pro-118.local" failures="0" tests="1" name="TestNgListner.Sample1" time="24.599" errors="0" timestamp="2023-09-28T23:48:50 IST" skipped="0">
  <testcase classname="TestNgListner.Sample1" name="test" time="24.599">
    <system-out>
      <![CDATA[My test case Start]]>
    </system-out>
  </testcase> <!-- test -->
  <system-out>
    <![CDATA[My test case Start]]>
  </system-out>
</testsuite> <!-- TestNgListner.Sample1 -->
