<?xml version="1.0" encoding="UTF-8"?>
<!-- Generated by org.testng.reporters.JUnitReportReporter -->
<testsuite hostname="DESKTOP-GMVQOLN" failures="0" tests="1" name="Amazon.test.Testcase2$Testcase1" time="18.025" errors="0" timestamp="2023-10-17T16:26:31 IST" skipped="0">
  <testcase classname="Amazon.test.Testcase2$Testcase1" name="Amazontest" time="18.025"/>
  <system-out/>
</testsuite> <!-- Amazon.test.Testcase2$Testcase1 -->
