<?xml version="1.0" encoding="UTF-8"?>
<!-- Generated by org.testng.reporters.JUnitReportReporter -->
<testsuite hostname="Users-MacBook-Pro-20.local" failures="0" tests="3" name="Assignment1.Assignment88" time="0.015" errors="0" timestamp="2023-09-24T13:29:09 IST" skipped="0">
  <testcase classname="Assignment1.Assignment88" name="Test1" time="0.008"/>
  <testcase classname="Assignment1.Assignment88" name="Test2" time="0.004"/>
  <testcase classname="Assignment1.Assignment88" name="Test3" time="0.003"/>
</testsuite> <!-- Assignment1.Assignment88 -->
