<?xml version="1.0" encoding="UTF-8"?>
<!-- Generated by org.testng.reporters.JUnitReportReporter -->
<testsuite hostname="Users-MacBook-Pro-118.local" failures="0" tests="2" name="Assignment1.assignment94" time="56.010" errors="0" timestamp="2023-09-28T14:04:18 IST" skipped="0">
  <testcase classname="Assignment1.assignment94" name="test" time="22.715"/>
  <testcase classname="Assignment1.assignment94" name="test" time="33.295"/>
</testsuite> <!-- Assignment1.assignment94 -->
