<?xml version="1.0" encoding="UTF-8"?>
<!-- Generated by org.testng.reporters.JUnitReportReporter -->
<testsuite hostname="Users-MacBook-Pro-118.local" failures="0" tests="3" name="Assignment1.Assignmnet91" time="0.014" errors="0" timestamp="2023-09-27T22:15:10 IST" skipped="0">
  <testcase classname="Assignment1.Assignmnet91" name="Test2" time="0.009"/>
  <testcase classname="Assignment1.Assignmnet91" name="Aest3" time="0.003"/>
  <testcase classname="Assignment1.Assignmnet91" name="Test1" time="0.002"/>
</testsuite> <!-- Assignment1.Assignmnet91 -->
