<?xml version="1.0" encoding="UTF-8"?>
<!-- Generated by org.testng.reporters.JUnitReportReporter -->
<testsuite hostname="Users-MacBook-Pro-20.local" failures="0" tests="1" name="Package1.Screenshot" time="19.450" errors="0" timestamp="2023-09-16T22:06:48 IST" skipped="0">
  <testcase classname="Package1.Screenshot" name="test1" time="19.450"/>
</testsuite> <!-- Package1.Screenshot -->
