<?xml version="1.0" encoding="UTF-8"?>
<!-- Generated by org.testng.reporters.JUnitReportReporter -->
<testsuite hostname="Users-MacBook-Pro-20.local" failures="0" tests="3" name="Assignment1.Assignment86" time="0.021" errors="0" timestamp="2023-09-24T13:23:49 IST" skipped="0">
  <testcase classname="Assignment1.Assignment86" name="Test2" time="0.002"/>
  <testcase classname="Assignment1.Assignment86" name="Test1" time="0.013"/>
  <testcase classname="Assignment1.Assignment86" name="Test3" time="0.006"/>
</testsuite> <!-- Assignment1.Assignment86 -->
