<?xml version="1.0" encoding="UTF-8"?>
<!-- Generated by org.testng.reporters.JUnitReportReporter -->
<testsuite hostname="Users-MacBook-Pro-20.local" failures="0" tests="2" name="Assignment1.Assignment85" time="0.019" errors="0" timestamp="2023-09-24T13:21:13 IST" skipped="0">
  <testcase classname="Assignment1.Assignment85" name="Test1" time="0.016"/>
  <testcase classname="Assignment1.Assignment85" name="Test2" time="0.003"/>
</testsuite> <!-- Assignment1.Assignment85 -->
