<?xml version="1.0" encoding="UTF-8"?>
<!-- Generated by org.testng.reporters.JUnitReportReporter -->
<testsuite hostname="Users-MacBook-Pro-118.local" failures="0" tests="3" name="Assignment1.Assignmnet93" time="0.011" errors="0" timestamp="2023-09-28T13:59:08 IST" skipped="0">
  <testcase classname="Assignment1.Assignmnet93" name="test1" time="0.003"/>
  <testcase classname="Assignment1.Assignmnet93" name="test1" time="0.007"/>
  <testcase classname="Assignment1.Assignmnet93" name="test1" time="0.001"/>
</testsuite> <!-- Assignment1.Assignmnet93 -->
