<?xml version="1.0" encoding="UTF-8"?>
<!-- Generated by org.testng.reporters.JUnitReportReporter -->
<testsuite hostname="DESKTOP-GMVQOLN" failures="0" tests="1" name="Assignment1.Assignment82" time="0.011" errors="0" timestamp="2023-10-03T16:32:00 IST" skipped="0">
  <testcase classname="Assignment1.Assignment82" name="test" time="0.011"/>
  <system-out/>
</testsuite> <!-- Assignment1.Assignment82 -->
